[27.06.18 07:23:04] INFO: Network Config: ipconfig.xml doesn't exists using automatic configuration...
[27.06.18 07:23:05] INFO: Network Config: Adding new subnet: 127.0.0.0/8 address: 127.0.0.1
[27.06.18 07:23:05] INFO: Network Config: Adding new subnet: 192.168.8.0/22 address: 192.168.10.46
[27.06.18 07:23:05] INFO: Network Config: Adding new subnet: 0.0.0.0/0 address: 187.62.8.92
[27.06.18 07:23:05] INFO: Loaded 6 Filter Words.
[27.06.18 07:23:05] INFO: Sunrise Configs Loaded...
[27.06.18 07:23:05] INFO: Updated characters online status.
[27.06.18 07:23:05] INFO: Cleaned up invalid Weddings.
[27.06.18 07:23:05] INFO: Cleaned 0 elements from database in 0 s
[27.06.18 07:23:05] INFO: Cleaned 0 expired timestamps from database.
[27.06.18 07:23:05] INFO: BitSetIDFactory: 102912 id's available.
[27.06.18 07:23:05] INFO: -------------------------------------------------=[ Engines ]
[27.06.18 07:23:06] INFO: Script Engine: Oracle Nashorn 1.8.0_172 - Language: ECMAScript - Language Version: ECMA - 262 Edition 5.1
[27.06.18 07:23:06] INFO: Script Engine: jython 2.2.1 - Language: python - Language Version: 2.2.1
[27.06.18 07:23:06] INFO: Script Engine: java 1.8 - Language: java - Language Version: 1.8
[27.06.18 07:23:07] INFO: -------------------------------------------------=[ Geodata ]
[27.06.18 07:23:07] INFO: ---------------------------------------------------=[ World ]
[27.06.18 07:23:07] INFO: GameTimeController: Started.
[27.06.18 07:23:07] INFO: InstanceManager: Multiverse Instance created.
[27.06.18 07:23:07] INFO: InstanceManager: Universe Instance created.
[27.06.18 07:23:07] INFO: InstanceManager: Loaded 160 instance names.
[27.06.18 07:23:07] INFO: L2World: (128 by 136) World Region Grid set up.
[27.06.18 07:23:07] INFO: MapRegionManager: Loaded 57 map regions.
[27.06.18 07:23:07] INFO: GlobalVariablesManager: Loaded 5 variables.
[27.06.18 07:23:07] INFO: ----------------------------------------------------=[ Data ]
[27.06.18 07:23:07] INFO: CategoryData: Loaded 124 Categories.
[27.06.18 07:23:07] INFO: SecondaryAuthData: Loaded 328 forbidden passwords.
[27.06.18 07:23:07] INFO: -------------------------------------------------=[ Effects ]
[27.06.18 07:23:12] INFO: EffectHandler: Loaded 148 Handlers
[27.06.18 07:23:12] INFO: ------------------------------------=[ Enchant Skill Groups ]
[27.06.18 07:23:12] INFO: EnchantSkillGroupsData: Loaded 4 groups and 90 routes.
[27.06.18 07:23:12] INFO: ---------------------------------------------=[ Skill Trees ]
[27.06.18 07:23:12] INFO: SkillTreesData: Loaded 17176 Class Skills.
[27.06.18 07:23:12] INFO: SkillTreesData: Loaded 76 Sub-Class Skills.
[27.06.18 07:23:12] INFO: SkillTreesData: Loaded 77 Transfer Skills.
[27.06.18 07:23:12] INFO: SkillTreesData: Loaded 117 Fishing Skills.
[27.06.18 07:23:12] INFO: SkillTreesData: Loaded 3 Collect Skills.
[27.06.18 07:23:12] INFO: SkillTreesData: Loaded 74 Pledge Skills.
[27.06.18 07:23:12] INFO: SkillTreesData: Loaded 18 Sub-Pledge Skills.
[27.06.18 07:23:12] INFO: SkillTreesData: Loaded 32 Transform Skills.
[27.06.18 07:23:12] INFO: SkillTreesData: Loaded 8 Noble Skills.
[27.06.18 07:23:12] INFO: SkillTreesData: Loaded 5 Hero Skills.
[27.06.18 07:23:12] INFO: SkillTreesData: Loaded 46 Game Master Skills.
[27.06.18 07:23:12] INFO: SkillTreesData: Loaded 46 Game Master Aura Skills.
[27.06.18 07:23:12] INFO: --------------------------------------------------=[ Skills ]
[27.06.18 07:23:16] INFO: DocumentEngine: Loaded 66008 Skill templates from XML files.
[27.06.18 07:23:16] INFO: SummonSkillsTable: Loaded 1891 skills.
[27.06.18 07:23:16] INFO: ---------------------------------------------------=[ Items ]
[27.06.18 07:23:18] INFO: ItemData: Highest item id used:50105
[27.06.18 07:23:18] INFO: ItemData: Loaded: 11508 Etc Items
[27.06.18 07:23:18] INFO: ItemData: Loaded: 3844 Armor Items
[27.06.18 07:23:18] INFO: ItemData: Loaded: 3893 Weapon Items
[27.06.18 07:23:18] INFO: ItemData: Loaded: 19245 Items in total.
[27.06.18 07:23:18] INFO: EnchantItemGroupsData: Loaded: 4 item group templates.
[27.06.18 07:23:18] INFO: EnchantItemGroupsData: Loaded: 1 scroll group templates.
[27.06.18 07:23:18] INFO: EnchantItemData: Loaded 67 Enchant Scrolls.
[27.06.18 07:23:18] INFO: EnchantItemData: Loaded 20 Support Items.
[27.06.18 07:23:18] INFO: EnchantItemOptionsData: Loaded: 23 Items and 1093 Options.
[27.06.18 07:23:20] INFO: OptionData: Loaded: 24985 Options.
[27.06.18 07:23:21] INFO: EnchantItemHPBonusData: Loaded 6 Enchant HP Bonuses.
[27.06.18 07:23:21] INFO: MerchantPriceConfigData: Loaded 28 merchant price configs.
[27.06.18 07:23:25] WARN: BuyListData: Folder C:\Users\daniel.barion\Documents\DanielSan\JSunrise-Source\L2J_SunriseProject_Core\build\dist\game\data\xml\buylists\custom doesn't exist!
[27.06.18 07:23:25] INFO: BuyListData: Loaded 760 BuyLists.
[27.06.18 07:23:29] INFO: MultisellData: Loaded 340 multisell lists.
[27.06.18 07:23:29] INFO: RecipeData: Loaded 1000 recipes.
[27.06.18 07:23:29] INFO: ArmorSetsData: Loaded 198 Armor sets.
[27.06.18 07:23:29] INFO: FishData: Loaded 278 Fishes.
[27.06.18 07:23:29] INFO: FishingMonstersData: Loaded 8 Fishing Monsters.
[27.06.18 07:23:29] INFO: FishingRodsData: Loaded 6 Fishing Rods.
[27.06.18 07:23:29] INFO: HennaData: Loaded 180 Henna data.
[27.06.18 07:23:29] INFO: -------------------------------------------=[ Product Items ]
[27.06.18 07:23:29] INFO: ProductItemData: Loaded 165 items for Item Mall.
[27.06.18 07:23:29] INFO: ----------------------------------------------=[ Characters ]
[27.06.18 07:23:29] INFO: ClassListData: Loaded 107 Class data.
[27.06.18 07:23:29] INFO: InitialEquipmentData: Loaded 11 Initial Equipment data.
[27.06.18 07:23:29] INFO: InitialShortcutData: Loaded 5 Initial Global Shortcuts data.
[27.06.18 07:23:29] INFO: InitialShortcutData: Loaded 4 Initial Shortcuts data.
[27.06.18 07:23:29] INFO: InitialShortcutData: Loaded 0 Macros presets.
[27.06.18 07:23:29] INFO: ExperienceData: Loaded 87 levels.
[27.06.18 07:23:29] INFO: ExperienceData: Max Player Level is: 85
[27.06.18 07:23:29] INFO: ExperienceData: Max Pet Level is: 86
[27.06.18 07:23:29] INFO: KarmaData: Loaded 85 karma modifiers.
[27.06.18 07:23:29] INFO: HitConditionBonusData: Loaded Hit Condition bonuses.
[27.06.18 07:23:30] INFO: PlayerTemplateData: Loaded 103 character templates.
[27.06.18 07:23:30] INFO: PlayerTemplateData: Loaded 52530 level up gain records.
[27.06.18 07:23:30] INFO: CharNameTable: Loaded 2 char names.
[27.06.18 07:23:30] INFO: AdminData: Loaded: 10 Access Levels.
[27.06.18 07:23:30] INFO: AdminData: Loaded: 453 Access Commands.
[27.06.18 07:23:30] INFO: RaidBossPointsManager: Loaded 1 Characters Raid Points.
[27.06.18 07:23:31] INFO: PetData: Loaded 52 Pets.
[27.06.18 07:23:31] INFO: ---------------------------------------------------=[ Clans ]
[27.06.18 07:23:31] INFO: ClanTable: Restored 0 clans from the database.
[27.06.18 07:23:31] INFO: CHSiegeManager: Loaded 6 conquerable clan halls.
[27.06.18 07:23:31] INFO: AuctionManager: Loaded: 38 auction(s)
[27.06.18 07:23:31] INFO: ClanHallManager: Loaded: 0 clan halls
[27.06.18 07:23:31] INFO: ClanHallManager: Loaded: 38 free clan halls
[27.06.18 07:23:31] INFO: ----------------------------------------------------=[ NPCs ]
[27.06.18 07:23:31] INFO: HerbDropData: Loaded 9 herb groups.
[27.06.18 07:23:31] INFO: SkillLearnData: Loaded 256 Skill Learn data.
[27.06.18 07:23:32] INFO: NpcTable: Loaded 10465 (Custom: 43) NPC template(s).
[27.06.18 07:23:32] INFO: NpcTable: Loaded 103018 (Custom: 0) NPC skills.
[27.06.18 07:23:32] INFO: NpcTable: Loaded 44235 (Custom: 5) drops.
[27.06.18 07:23:32] INFO: NpcTable: Loaded 525 Minions.
[27.06.18 07:23:32] INFO: NpcTable: Loaded 10461 (Custom: 39) AI Data.
[27.06.18 07:23:32] INFO: NpcTable: Loaded 10460 (Custom: 1) Elementals Data.
[27.06.18 07:23:33] INFO: WalkingManager: Loaded 123 walking routes.
[27.06.18 07:23:33] INFO: StaticObjectsData: Loaded 51 StaticObject Templates.
[27.06.18 07:23:34] INFO: GrandBossManager: Queen Ant(29001) status is 0.
[27.06.18 07:23:34] INFO: GrandBossManager: Core(29006) status is 0.
[27.06.18 07:23:34] INFO: GrandBossManager: Orfen(29014) status is 0.
[27.06.18 07:23:34] INFO: GrandBossManager: Baium(29020) status is 0.
[27.06.18 07:23:34] INFO: GrandBossManager: Valakas(29028) status is 0.
[27.06.18 07:23:34] INFO: GrandBossManager: Andreas Van Halter(29062) status is 0.
[27.06.18 07:23:34] INFO: GrandBossManager: Antharas(29068) status is 0.
[27.06.18 07:23:34] INFO: GrandBossManager: Beleth(29118) status is 0.
[27.06.18 07:23:34] INFO: GrandBossManager: Loaded 8 Instances
[27.06.18 07:23:40] INFO: DoorData: Loaded 1301 Door Templates for 21 regions.
[27.06.18 07:23:48] INFO: ZoneManager: Loaded 29 zone classes and 2828 zones.
[27.06.18 07:23:48] INFO: ZoneManager: Loaded 0 NPC spawn territoriers.
[27.06.18 07:23:48] INFO: CastleManager: Loaded: 9 castles
[27.06.18 07:23:49] INFO: FortManager: Loaded: 21 fortress
[27.06.18 07:23:50] INFO: NpcBufferTable: Loaded 1 buffers and 10 skills.
[27.06.18 07:23:50] INFO: GrandBossManager: Initialized 10 Grand Boss Zones
[27.06.18 07:23:50] INFO: -----------------------------------------=[ Auction Manager ]
[27.06.18 07:23:50] INFO: ItemAuctionManager: Disabled by config.
[27.06.18 07:23:50] INFO: ------------------------------------------------=[ Olympiad ]
[27.06.18 07:23:50] INFO: Olympiad System: Loading Olympiad System....
[27.06.18 07:23:50] INFO: Olympiad System: Currently in Olympiad Period
[27.06.18 07:23:50] INFO: Olympiad System: Period ends at 01/07/2018 00:00
[27.06.18 07:23:50] INFO: Olympiad System: In 3 days, 16 hours and 36 mins.
[27.06.18 07:23:50] INFO: Olympiad System: Next Weekly Change is in....
[27.06.18 07:23:50] INFO: Olympiad System: In 6 days, 23 hours and 59 mins.
[27.06.18 07:23:50] INFO: Olympiad System: Loaded 0 Noblesses
[27.06.18 07:23:50] INFO: Olympiad System: Added weekly points to nobles
[27.06.18 07:23:50] INFO: Olympiad System: Reset weekly matches to nobles
[27.06.18 07:23:50] INFO: Olympiad System: Competition Period Starts in 0 days, 10 hours and 36 mins.
[27.06.18 07:23:50] INFO: Olympiad System: Event starts/started : Wed Jun 27 18:00:50 BRT 2018
[27.06.18 07:23:50] INFO: Hero System: Loaded 0 Heroes.
[27.06.18 07:23:50] INFO: Hero System: Loaded 0 all time Heroes.
[27.06.18 07:23:50] INFO: ---------------------------------------------=[ Seven Signs ]
[27.06.18 07:23:50] INFO: SevenSigns: Currently in the Seal Validation period!
[27.06.18 07:23:50] INFO: SevenSigns: The Seal of Avarice remains unclaimed.
[27.06.18 07:23:50] INFO: SevenSigns: The Seal of Gnosis remains unclaimed.
[27.06.18 07:23:50] INFO: SevenSigns: The Seal of Strife remains unclaimed.
[27.06.18 07:23:50] INFO: SevenSigns: The competition ended with a tie last week.
[27.06.18 07:23:50] INFO: SevenSigns: Next period change set to Mon Jul 02 18:00:50 BRT 2018
[27.06.18 07:23:50] INFO: SevenSigns: Next period in 5 days 10 hours and 36 mins.
[27.06.18 07:23:50] INFO: ---------------------------------------------------=[ Cache ]
[27.06.18 07:23:50] INFO: Cache[HTML]: Running lazy cache
[27.06.18 07:23:50] INFO: CrestTable: Loaded 0 Crests.
[27.06.18 07:23:50] INFO: TeleportLocationTable: Loaded 957 Teleport Location Templates.
[27.06.18 07:23:51] INFO: UIData: Loaded 4 keys 5 categories.
[27.06.18 07:23:51] INFO: AugmentationData: Loaded: 33960 augmentations.
[27.06.18 07:23:51] INFO: AugmentationData: Loaded: 2754 accessory augmentations.
[27.06.18 07:23:51] INFO: CursedWeaponsManager: Loaded : 2 cursed weapon(s).
[27.06.18 07:23:54] INFO: TransformData: Loaded: 111 transform templates.
[27.06.18 07:23:54] WARN: TransformData: Folder C:\Users\daniel.barion\Documents\DanielSan\JSunrise-Source\L2J_SunriseProject_Core\build\dist\game\data\xml\stats\transformations\custom doesn't exist!
[27.06.18 07:23:54] INFO: TransformData: Loaded 0 custom transform templates.
[27.06.18 07:23:54] INFO: BotReportTable: Loaded 0 bot reports
[27.06.18 07:23:54] INFO: -------------------------------------------------=[ Scripts ]
[27.06.18 07:23:54] INFO: AirShipManager: Loaded 0 private airships
[27.06.18 07:23:54] INFO: ----------------------------------------=[ Datapack Scripts ]
[27.06.18 07:24:39] INFO: BloodAltarsLoader: Loading related scripts.
[27.06.18 07:24:40] INFO: ConquerableHallsLoader: Loading related scripts.
[27.06.18 07:24:40] INFO: Devastated Castle: Thu Jul 05 12:00:00 BRT 2018
[27.06.18 07:24:40] INFO: Fortress of Resistance: Thu Jul 05 12:00:00 BRT 2018
[27.06.18 07:24:40] INFO: Fortresss of the Dead: Thu Jul 05 12:00:00 BRT 2018
[27.06.18 07:24:40] INFO: Rainbow Springs: Thu Jul 05 12:00:00 BRT 2018
[27.06.18 07:24:40] INFO: CustomsLoader: Loading related scripts.
[27.06.18 07:24:40] INFO: 5th Anniversary Event - OFF
[27.06.18 07:24:40] INFO: EventsLoader: Loading related scripts.
[27.06.18 07:24:40] INFO: FeaturesLoader: Loading related scripts.
[27.06.18 07:24:41] INFO: GraciaLoader: Loading related scripts.
[27.06.18 07:24:41] INFO: Seed of Destruction Manager: Loaded. Current stage is: 1
[27.06.18 07:24:41] INFO: SeedOfDestruction: Loaded 51 spawn zones data.
[27.06.18 07:24:41] INFO: SeedOfDestruction: Loaded 548 spawns data.
[27.06.18 07:24:41] INFO: GrandBossLoader: Loading related scripts.
[27.06.18 07:24:42] INFO: GrandBossManager: Updated Andreas Van Halter(29062) status to 0
[27.06.18 07:24:42] INFO: GroupTemplatesLoader: Loading related scripts.
[27.06.18 07:24:44] INFO: IndividualLoader: Loading related scripts.
[27.06.18 07:24:45] INFO: HellboundLoader: Loading related scripts.
[27.06.18 07:24:45] INFO: HellboundPointData: Loaded 47 trust point reward data.
[27.06.18 07:24:45] INFO: HellboundSpawns: Loaded 598 Hellbound spawns.
[27.06.18 07:24:45] INFO: HellboundEngine: Level: 0
[27.06.18 07:24:45] INFO: HellboundEngine: Trust: 0
[27.06.18 07:24:45] INFO: HellboundEngine: Status: locked.
[27.06.18 07:24:45] INFO: RaidBossSpawnManager: Loaded 187 Instances
[27.06.18 07:24:45] INFO: RaidBossSpawnManager: Scheduled 0 Instances
[27.06.18 07:24:46] INFO: InstanceLoader: Loading related scripts.
[27.06.18 07:24:52] INFO: MasterHandler: Loading related scripts.
[27.06.18 07:24:54] INFO: ActionHandler: Loaded 10 Handlers
[27.06.18 07:24:54] INFO: ActionShiftHandler: Loaded 6 Handlers
[27.06.18 07:24:54] INFO: AdminCommandHandler: Loaded 466 Handlers
[27.06.18 07:24:54] INFO: BypassHandler: Loaded 50 Handlers
[27.06.18 07:24:54] INFO: ChatHandler: Loaded 14 Handlers
[27.06.18 07:24:54] INFO: ItemHandler: Loaded 32 Handlers
[27.06.18 07:24:54] INFO: PunishmentHandler: Loaded 3 Handlers
[27.06.18 07:24:54] INFO: SkillHandler: Loaded 27 Handlers
[27.06.18 07:24:54] INFO: UserCommandHandler: Loaded 17 Handlers
[27.06.18 07:24:54] INFO: VoicedCommandHandler: Loaded 12 Handlers
[27.06.18 07:24:54] INFO: TargetHandler: Loaded 35 Handlers
[27.06.18 07:24:54] INFO: TelnetHandler: Loaded 20 Handlers
[27.06.18 07:24:54] INFO: ModifiersLoader: Loading related scripts.
[27.06.18 07:24:55] INFO: NpcLoader: Loading related scripts.
[27.06.18 07:24:56] INFO: NpcBuffersData: Loaded: 33 buffers data.
[27.06.18 07:25:06] INFO: QuestLoader: Loading related scripts.
[27.06.18 07:25:07] INFO: EnhanceYourWeapon: Loaded 54 Soul Crystal data.
[27.06.18 07:25:07] INFO: EnhanceYourWeapon: Loaded 243 npc Leveling info data.
[27.06.18 07:25:09] INFO: SunriseNpcsLoader: Loading related scripts.
[27.06.18 07:25:09] INFO: TeleportersLoader: Loading related scripts.
[27.06.18 07:25:10] INFO: VillageMastersLoader: Loading related scripts.
[27.06.18 07:25:10] INFO: ZonesLoader: Loading related scripts.
[27.06.18 07:25:10] INFO: Handy's Block Checker Event is enabled
[27.06.18 07:25:10] INFO: Fantasy Isle: Parade starting at 2018/06/27 09:20 and is scheduled each next 1 hours.
[27.06.18 07:25:10] INFO: GlobalLoader: Global scripts loaded in 31351 ms.
[27.06.18 07:25:11] INFO: Bandit StrongHold: Thu Jul 05 12:00:00 BRT 2018
[27.06.18 07:25:12] INFO: Beast Farm: Thu Jul 05 12:00:00 BRT 2018
[27.06.18 07:25:13] INFO: TerritoryWarSuperClass: Sun Jul 01 22:00:00 BRT 2018
[27.06.18 07:25:16] INFO: --------------------------------------------=[ Gracia Seeds ]
[27.06.18 07:25:16] INFO: Seed of Infinity Manager: Loaded. Current stage is: 1
[27.06.18 07:25:16] INFO: --------------------------------------------------=[ Spawns ]
[27.06.18 07:25:22] INFO: SpawnTable: Loaded 3946 npc spawns.
[27.06.18 07:25:22] WARN: SpawnTable: Data missing in NPC table for ID: 557.
[27.06.18 07:25:22] WARN: SpawnTable: Data missing in NPC table for ID: 540.
[27.06.18 07:25:23] INFO: SpawnTable: Loaded 20 custom npc spawns.
[27.06.18 07:25:23] INFO: SpawnTable: Loaded 1190 npc spawns from XML.
[27.06.18 07:25:23] INFO: DayNightSpawnManager: Removed 0 night creatures
[27.06.18 07:25:23] INFO: DayNightSpawnManager: Spawned 232 day creatures
[27.06.18 07:25:23] INFO: FourSepulchersManager: loaded 20 Mysterious-Box spawns.
[27.06.18 07:25:23] INFO: FourSepulchersManager: loaded 716 Physical monsters.
[27.06.18 07:25:23] INFO: FourSepulchersManager: loaded 716 Magical monsters.
[27.06.18 07:25:23] INFO: FourSepulchersManager: loaded 92 Church of duke monsters.
[27.06.18 07:25:23] INFO: FourSepulchersManager: loaded 68 Emperor's grave NPCs.
[27.06.18 07:25:23] INFO: FourSepulchersManager: spawned Conquerors' Sepulcher Manager
[27.06.18 07:25:23] INFO: FourSepulchersManager: spawned Emperors' Sepulcher Manager
[27.06.18 07:25:23] INFO: FourSepulchersManager: spawned Great Sages' Sepulcher Manager
[27.06.18 07:25:23] INFO: FourSepulchersManager: spawned Judges' Sepulcher Manager
[27.06.18 07:25:24] INFO: FourSepulchersManager: Beginning in Attack time
[27.06.18 07:25:24] INFO: DimensionalRiftManager: Loaded 7 room types with 56 rooms.
[27.06.18 07:25:24] INFO: DimensionalRiftManager: Loaded 462 dimensional rift spawns.
[27.06.18 07:25:24] INFO: ---------------------------------------------------=[ Siege ]
[27.06.18 07:25:24] INFO: Siege of Gludio: Sun Jul 01 16:00:00 BRT 2018
[27.06.18 07:25:24] INFO: Siege of Dion: Sun Jul 01 16:00:00 BRT 2018
[27.06.18 07:25:24] INFO: Siege of Giran: Sun Jul 01 16:00:00 BRT 2018
[27.06.18 07:25:24] INFO: Siege of Oren: Sun Jul 01 16:00:00 BRT 2018
[27.06.18 07:25:24] INFO: Siege of Aden: Sun Jul 01 16:00:00 BRT 2018
[27.06.18 07:25:24] INFO: Siege of Innadril: Sun Jul 01 20:00:00 BRT 2018
[27.06.18 07:25:24] INFO: Siege of Goddard: Sun Jul 01 20:00:00 BRT 2018
[27.06.18 07:25:24] INFO: Siege of Rune: Sun Jul 01 20:00:00 BRT 2018
[27.06.18 07:25:24] INFO: Siege of Schuttgart: Sun Jul 01 20:00:00 BRT 2018
[27.06.18 07:25:24] INFO: SiegeScheduleData: Loaded: 2 siege schedulers.
[27.06.18 07:25:24] INFO: CastleManorManager: Loaded 258 seeds.
[27.06.18 07:25:24] INFO: CastleManorManager: Manor data loaded.
[27.06.18 07:25:24] INFO: CastleManorManager: Period ends at 27/06/2018 20:00
[27.06.18 07:25:24] INFO: CastleManorManager: In 0 days, 12 hours and 34 mins.
[27.06.18 07:25:24] INFO: CastleManorManager: Next mode change: 27/06 20:00:00
[27.06.18 07:25:24] INFO: CastleManorManager: Current mode: APPROVED
[27.06.18 07:25:24] INFO: MercTicketManager: Loaded: 0 Mercenary Tickets
[27.06.18 07:25:24] INFO: QuestManager: Loaded: 528 quests.
[27.06.18 07:25:24] INFO: QuestManager: Loaded: 341 scripts.
[27.06.18 07:25:24] INFO: --------------------------------------------------=[ Others ]
[27.06.18 07:25:25] INFO: SevenSignsFestival: Initialization bypassed due to Seal Validation in effect.
[27.06.18 07:25:25] INFO: Event ID: (Squash Event) has passed... Ignored.
[27.06.18 07:25:25] INFO: FaenorScriptEngine: Loaded  SquashEvent.xml successfully.
[27.06.18 07:25:25] INFO: Event ID: (Valentines Event) has passed... Ignored.
[27.06.18 07:25:25] INFO: FaenorScriptEngine: Loaded  Valentines.xml successfully.
[27.06.18 07:25:25] INFO: TaskManager: Loaded: 15 Tasks
[27.06.18 07:25:25] INFO: PunishmentManager: Loaded 0 active and 0 expired punishments.
[27.06.18 07:25:25] INFO: --------------------------------------------=[ Event Engine ]
[27.06.18 07:25:26] INFO: Event Engine: Loaded GlobalConfigs engine.
[27.06.18 07:25:26] INFO: Event Engine: Debug messages are stored in 'log\EventEngine\EventEngine_detailed_1.log'
[27.06.18 07:25:26] INFO: Event Engine: Thanks for using a legal version.
[27.06.18 07:25:26] INFO: Event Engine: Loading engine version 2.2...
[27.06.18 07:25:26] INFO: Event Engine: Using HighFive interface (for engine v2.1).
[27.06.18 07:25:26] INFO: Event Engine: Loading Admin htmls from the jar file.
[27.06.18 07:25:26] INFO: Event Engine: Loaded 58 HTML files from event-engine.jar
[27.06.18 07:25:26] INFO: Event Engine: Loaded HTML manager.
[27.06.18 07:25:26] INFO: Event Engine: Loading events...
[27.06.18 07:25:26] INFO: Event Engine: Next event in 10 minutes.
[27.06.18 07:25:26] INFO: Event Engine: Loaded 14 main events.
[27.06.18 07:25:26] INFO: Event Engine: Loaded 5 mini event types.
[27.06.18 07:25:26] INFO: Event Engine: Loaded editable Event Description system.
[27.06.18 07:25:26] INFO: Event Engine: Processing en language -  version 2.21
[27.06.18 07:25:26] INFO: Event Engine: Loaded en language with 266 messages.
[27.06.18 07:25:26] INFO: Event Engine: Loaded 1 languages.
[27.06.18 07:25:26] INFO: Event Engine: Loaded 14 mini event modes.
[27.06.18 07:25:26] INFO: Event Engine: Loaded 395 configs for events.
[27.06.18 07:25:26] INFO: Event Engine: Event Engine: Loaded 66 EventMaps.
[27.06.18 07:25:26] INFO: Event Engine: Reward System Loaded.
[27.06.18 07:25:26] INFO: Event Engine: Loaded 14 main event InstanceTypes.
[27.06.18 07:25:27] INFO: Event Engine: Global statistics reloaded.
[27.06.18 07:25:27] INFO: Event Engine: Global statistics engine loaded.
[27.06.18 07:25:27] INFO: Event Engine: Loaded EventWarnings engine.
[27.06.18 07:25:27] INFO: Event Engine: Gear score engine - loaded 7737 items.
[27.06.18 07:25:27] INFO: Event Engine: Loaded PlayerValue engine.
[27.06.18 07:25:27] INFO: Event Engine: Version 2.2 successfully loaded.
[27.06.18 07:25:27] INFO: -----------------------------------------=[ Sunrise Systems ]
[27.06.18 07:25:27] INFO: Premium System: Enabled.
[27.06.18 07:25:27] INFO: Security System: Enabled.
[27.06.18 07:25:27] INFO: Restart: Next restart: Thu Jun 28 04:00:00 BRT 2018
[27.06.18 07:25:27] INFO: Auto Restart: Enabled.
[27.06.18 07:25:27] INFO: Repair Command: Enabled.
[27.06.18 07:25:27] INFO: Experience Command: Enabled.
[27.06.18 07:25:27] INFO: Auto Soul Shots: Enabled.
[27.06.18 07:25:27] INFO: Achievements Engine: Loaded 12 achievements from xml!
[27.06.18 07:25:27] INFO: BuffsHolder: loaded 133 buffs(s) count.
[27.06.18 07:25:27] INFO: Loaded 241 teleports for the Custom Npcs-Items.
[27.06.18 07:25:27] ERROR: ImagesCache: Path data/sunrise/images/id_by_name doesn't exist!
[27.06.18 07:25:27] INFO: ImagesCache: Loaded 0 images (data/sunrise/images/id_by_name).
[27.06.18 07:25:28] INFO: GlobalImagesCache: Loaded 7 images (data/sunrise/images).
[27.06.18 07:25:28] INFO: LeaderBoards: Enabled.
[27.06.18 07:25:28] INFO: ArenaLeaderboard: Initialized
[27.06.18 07:25:28] INFO: FishermanLeaderboard: Initialized
[27.06.18 07:25:28] INFO: CraftLeaderboard: Initialized
[27.06.18 07:25:28] INFO: TvTLeaderboard: Disabled.
[27.06.18 07:25:28] INFO: Antibot Engine: Disabled.
[27.06.18 07:25:28] INFO: Antibot Farm Engine: Disabled.
[27.06.18 07:25:28] INFO: Antibot Enchant Engine: Disabled.
[27.06.18 07:25:28] INFO: RaidConfigsHolder: loaded 1 raid configs(s) count.
[27.06.18 07:25:28] INFO: RaidAndDropsHolder: loaded 2 raid and drops(s) count.
[27.06.18 07:25:28] INFO: RaidLocationsHolder: loaded 6 raid locations(s) count.
[27.06.18 07:25:28] INFO: RaidManager: Disabled.
[27.06.18 07:25:28] INFO: CoupleManager: Loaded: 0 couples(s)
[27.06.18 07:25:28] INFO: MailManager: Successfully loaded 0 messages.
[27.06.18 07:25:28] INFO: IdFactory: Free ObjectID's remaining: 1879002544
[27.06.18 07:25:29] INFO: OfflineTradersTable: Loaded: 0 offline trader(s)
[27.06.18 07:25:31] INFO: ArenaManager: Autotask init.
[27.06.18 07:25:31] INFO: FishManager: Autotask init.
[27.06.18 07:25:31] INFO: GameServer: Started, free memory 593 Mb of 989 Mb
[27.06.18 07:25:31] INFO: CraftManager: Autotask init.
[27.06.18 07:25:31] INFO: Connecting to login on 127.0.0.1:9014
[27.06.18 07:25:34] INFO: Registered on login as Server 1 : Bartz
[27.06.18 07:25:38] INFO: GameServer: is now listening on: *:7777
[27.06.18 07:25:38] INFO: Maximum Numbers of Connected players: 100
[27.06.18 07:25:38] INFO: Server loaded in 152 seconds.
[27.06.18 07:25:38] INFO: =====================================================
[27.06.18 07:25:38] INFO: Copyrights: .............: Sunrise-Team 2015-2017
[27.06.18 07:25:38] INFO: Project Owners: .........: vNeverMore
[27.06.18 07:25:38] INFO: Developers: .............: vGodFather
[27.06.18 07:25:38] INFO: Website: ................: www.L2jSunrise.com
[27.06.18 07:25:38] INFO: Website Owner-Dev: ......: vNeverMore
[27.06.18 07:25:38] INFO: Chronicle: ..............: High Five Part 5 (CT2.6)
[27.06.18 07:25:38] INFO: Sunrise Revision: .......: Final Edition
[27.06.18 07:25:38] INFO: Core Revision: ..........: 842 rev
[27.06.18 07:25:38] INFO: Data Revision: ..........: 760 rev
[27.06.18 07:25:38] INFO: +----
[27.06.18 07:25:38] INFO: | Global Memory Informations at 7:25:38:
[27.06.18 07:25:38] INFO: |    |
[27.06.18 07:25:38] INFO: | Allowed Memory: 989 MB
[27.06.18 07:25:38] INFO: |    |= Allocated Memory: 956 MB (96,6633%)
[27.06.18 07:25:38] INFO: |    |= Non-Allocated Memory: 33 MB (3,3367%)
[27.06.18 07:25:38] INFO: | Allocated Memory: 956 MB
[27.06.18 07:25:38] INFO: |    |= Used Memory: 435 MB (43,9838%)
[27.06.18 07:25:38] INFO: |    |= Unused (cached) Memory: 521 MB (52,6795%)
[27.06.18 07:25:38] INFO: | Useable Memory: 554 MB (56,0162%)
[27.06.18 07:25:38] INFO: +----
[27.06.18 07:25:38] INFO: =====================================================
[27.06.18 07:25:38] INFO: ----------------------------------------------------=[ UPnP ]
[27.06.18 07:25:38] INFO: Looking for UPnP Gateway Devices...
[27.06.18 07:25:48] INFO: No UPnP gateways found
[27.06.18 07:25:48] INFO: GameServer: Telnet server is currently disabled.
[27.06.18 07:26:01] INFO: Event Engine: Loaded 84 buffs for Event Buffer.
