[25.06.18 14:20:29] WARN:Could not load HexID file (./config/hexid/hexid.txt). Hopefully login will give us one.
[25.06.18 14:20:30] WARN:InstanceManager: Could not parse instancenames.xml is not a file or it doesn't exist!
[25.06.18 14:20:31] WARN:MapRegionManager: Folder C:\Users\daniel.barion\Documents\DanielSan\JSunrise-Source\L2J_SunriseProject_Core\dist\game\data\xml\mapregion doesn't exist!
[25.06.18 14:20:31] WARN:CategoryData: Could not parse categoryData.xml is not a file or it doesn't exist!
[25.06.18 14:29:05] WARN:Could not load HexID file (./config/hexid/hexid.txt). Hopefully login will give us one.
[25.06.18 14:29:07] WARN:InstanceManager: Could not parse instancenames.xml is not a file or it doesn't exist!
[25.06.18 14:29:07] WARN:MapRegionManager: Folder C:\Users\daniel.barion\Documents\DanielSan\JSunrise-Source\L2J_SunriseProject_Core\dist\game\data\xml\mapregion doesn't exist!
[25.06.18 14:29:07] WARN:CategoryData: Could not parse categoryData.xml is not a file or it doesn't exist!
[25.06.18 14:38:01] WARN:Could not load HexID file (./config/hexid/hexid.txt). Hopefully login will give us one.
[25.06.18 14:38:02] WARN:InstanceManager: Could not parse instancenames.xml is not a file or it doesn't exist!
[25.06.18 14:38:02] WARN:MapRegionManager: Folder C:\Users\daniel.barion\Documents\DanielSan\JSunrise-Source\L2J_SunriseProject_Core\dist\game\data\xml\mapregion doesn't exist!
[25.06.18 14:38:02] WARN:CategoryData: Could not parse categoryData.xml is not a file or it doesn't exist!
[25.06.18 18:09:43] WARN:Could not load HexID file (./config/hexid/hexid.txt). Hopefully login will give us one.
[26.06.18 09:52:47] WARN:BuyListData: Folder C:\Users\daniel.barion\Documents\DanielSan\JSunrise-Source\L2J_SunriseProject_Core\build\dist\game\data\xml\buylists\custom doesn't exist!
[26.06.18 09:53:04] WARN:TransformData: Folder C:\Users\daniel.barion\Documents\DanielSan\JSunrise-Source\L2J_SunriseProject_Core\build\dist\game\data\xml\stats\transformations\custom doesn't exist!
[26.06.18 09:53:24] WARN:SpawnTable: Data missing in NPC table for ID: 557.
[26.06.18 09:53:24] WARN:SpawnTable: Data missing in NPC table for ID: 540.
[26.06.18 09:53:25] ERROR:ImagesCache: Path data/sunrise/images/id_by_name doesn't exist!
[26.06.18 10:08:56] WARN:LoginServer not available, trying to reconnect...
[26.06.18 10:09:02] WARN:LoginServer not available, trying to reconnect...
[26.06.18 10:09:08] WARN:LoginServer not available, trying to reconnect...
[26.06.18 10:09:14] WARN:LoginServer not available, trying to reconnect...
[26.06.18 10:09:20] WARN:LoginServer not available, trying to reconnect...
[26.06.18 10:09:26] WARN:LoginServer not available, trying to reconnect...
[26.06.18 10:09:32] WARN:LoginServer not available, trying to reconnect...
[26.06.18 10:09:38] WARN:LoginServer not available, trying to reconnect...
[26.06.18 10:09:44] WARN:LoginServer not available, trying to reconnect...
[26.06.18 10:09:50] WARN:LoginServer not available, trying to reconnect...
[26.06.18 10:09:56] WARN:LoginServer not available, trying to reconnect...
[26.06.18 10:24:34] WARN:BuyListData: Folder C:\Users\daniel.barion\Documents\DanielSan\JSunrise-Source\L2J_SunriseProject_Core\build\dist\game\data\xml\buylists\custom doesn't exist!
[26.06.18 10:24:47] WARN:TransformData: Folder C:\Users\daniel.barion\Documents\DanielSan\JSunrise-Source\L2J_SunriseProject_Core\build\dist\game\data\xml\stats\transformations\custom doesn't exist!
[26.06.18 10:25:13] WARN:SpawnTable: Data missing in NPC table for ID: 557.
[26.06.18 10:25:13] WARN:SpawnTable: Data missing in NPC table for ID: 540.
[26.06.18 10:25:13] ERROR:ImagesCache: Path data/sunrise/images/id_by_name doesn't exist!
[26.06.18 13:15:49] WARN:BuyListData: Folder C:\Users\daniel.barion\Documents\DanielSan\JSunrise-Source\L2J_SunriseProject_Core\build\dist\game\data\xml\buylists\custom doesn't exist!
[26.06.18 13:16:05] WARN:TransformData: Folder C:\Users\daniel.barion\Documents\DanielSan\JSunrise-Source\L2J_SunriseProject_Core\build\dist\game\data\xml\stats\transformations\custom doesn't exist!
[26.06.18 13:16:33] WARN:SpawnTable: Data missing in NPC table for ID: 557.
[26.06.18 13:16:33] WARN:SpawnTable: Data missing in NPC table for ID: 540.
[26.06.18 13:16:35] ERROR:ImagesCache: Path data/sunrise/images/id_by_name doesn't exist!
[26.06.18 13:18:45] WARN:Master access level set for character Admin
[26.06.18 15:15:35] WARN:BuyListData: Folder C:\Users\daniel.barion\Documents\DanielSan\JSunrise-Source\L2J_SunriseProject_Core\build\dist\game\data\xml\buylists\custom doesn't exist!
[26.06.18 15:15:52] WARN:TransformData: Folder C:\Users\daniel.barion\Documents\DanielSan\JSunrise-Source\L2J_SunriseProject_Core\build\dist\game\data\xml\stats\transformations\custom doesn't exist!
[26.06.18 15:16:17] WARN:BuyListData: Folder C:\Users\daniel.barion\Documents\DanielSan\JSunrise-Source\L2J_SunriseProject_Core\build\dist\game\data\xml\buylists\custom doesn't exist!
[26.06.18 15:16:29] WARN:TransformData: Folder C:\Users\daniel.barion\Documents\DanielSan\JSunrise-Source\L2J_SunriseProject_Core\build\dist\game\data\xml\stats\transformations\custom doesn't exist!
[26.06.18 15:16:44] WARN:BuyListData: Folder C:\Users\daniel.barion\Documents\DanielSan\JSunrise-Source\L2J_SunriseProject_Core\build\dist\game\data\xml\buylists\custom doesn't exist!
[26.06.18 15:16:55] WARN:TransformData: Folder C:\Users\daniel.barion\Documents\DanielSan\JSunrise-Source\L2J_SunriseProject_Core\build\dist\game\data\xml\stats\transformations\custom doesn't exist!
[27.06.18 07:23:25] WARN:BuyListData: Folder C:\Users\daniel.barion\Documents\DanielSan\JSunrise-Source\L2J_SunriseProject_Core\build\dist\game\data\xml\buylists\custom doesn't exist!
[27.06.18 07:23:54] WARN:TransformData: Folder C:\Users\daniel.barion\Documents\DanielSan\JSunrise-Source\L2J_SunriseProject_Core\build\dist\game\data\xml\stats\transformations\custom doesn't exist!
[27.06.18 07:25:22] WARN:SpawnTable: Data missing in NPC table for ID: 557.
[27.06.18 07:25:22] WARN:SpawnTable: Data missing in NPC table for ID: 540.
[27.06.18 07:25:27] ERROR:ImagesCache: Path data/sunrise/images/id_by_name doesn't exist!
[27.06.18 07:37:17] WARN:BuyListData: Folder C:\Users\daniel.barion\Documents\DanielSan\JSunrise-Source\L2J_SunriseProject_Core\build\dist\game\data\xml\buylists\custom doesn't exist!
[27.06.18 07:37:32] WARN:TransformData: Folder C:\Users\daniel.barion\Documents\DanielSan\JSunrise-Source\L2J_SunriseProject_Core\build\dist\game\data\xml\stats\transformations\custom doesn't exist!
[27.06.18 07:38:00] WARN:SpawnTable: Data missing in NPC table for ID: 557.
[27.06.18 07:38:00] WARN:SpawnTable: Data missing in NPC table for ID: 540.
[27.06.18 07:38:02] ERROR:ImagesCache: Path data/sunrise/images/id_by_name doesn't exist!
