[25.06.18 14:16:35] WARN: Port 2106 is already binded. Please free it and restart server.
[25.06.18 14:16:36] WARN: Port 2106 is already binded. Please free it and restart server.
[25.06.18 14:16:37] WARN: Port 2106 is already binded. Please free it and restart server.
[25.06.18 14:16:38] WARN: Port 2106 is already binded. Please free it and restart server.
[25.06.18 14:16:39] WARN: Port 2106 is already binded. Please free it and restart server.
[25.06.18 14:16:40] WARN: Port 2106 is already binded. Please free it and restart server.
[25.06.18 14:16:41] WARN: Port 2106 is already binded. Please free it and restart server.
[25.06.18 14:16:42] WARN: Port 2106 is already binded. Please free it and restart server.
[25.06.18 14:16:43] WARN: Port 2106 is already binded. Please free it and restart server.
[25.06.18 14:16:44] WARN: Port 2106 is already binded. Please free it and restart server.
[25.06.18 14:16:45] WARN: Port 2106 is already binded. Please free it and restart server.
[25.06.18 14:20:09] INFO: Loading LoginController...
[25.06.18 14:20:11] INFO: Cached 10 KeyPairs for RSA communication
[25.06.18 14:20:11] INFO: Stored 20 keys for Blowfish communication
[25.06.18 14:20:11] WARN: GameServerTable: Could not parse servername.xml is not a file or it doesn't exist!
[25.06.18 14:20:11] INFO: GameServerTable: Loaded 0 server names
[25.06.18 14:20:11] INFO: GameServerTable: Loaded 1 registered Game Servers
[25.06.18 14:20:11] INFO: GameServerTable: Cached 10 RSA keys for Game Server communication.
[25.06.18 14:20:11] INFO: Loaded 2 IP Bans.
[25.06.18 14:20:11] INFO: Scheduled LS restart after 48 hours
[25.06.18 14:20:11] INFO: Listening for GameServers on 127.0.0.1:9014
[25.06.18 14:20:11] INFO: Telnet server is currently disabled.
[25.06.18 14:20:11] INFO: L2LoginServer: is now listening on: *:2106
[25.06.18 14:20:11] INFO: Looking for UPnP Gateway Devices...
[25.06.18 14:20:21] INFO: No UPnP gateways found
[25.06.18 17:28:16] INFO: Loading LoginController...
[25.06.18 17:28:18] INFO: Cached 10 KeyPairs for RSA communication
[25.06.18 17:28:19] INFO: Stored 20 keys for Blowfish communication
[25.06.18 17:28:19] WARN: GameServerTable: Could not parse servername.xml is not a file or it doesn't exist!
[25.06.18 17:28:19] INFO: GameServerTable: Loaded 0 server names
[25.06.18 17:28:19] INFO: GameServerTable: Loaded 1 registered Game Servers
[25.06.18 17:28:19] INFO: GameServerTable: Cached 10 RSA keys for Game Server communication.
[25.06.18 17:28:19] INFO: Loaded 2 IP Bans.
[25.06.18 17:28:19] INFO: Scheduled LS restart after 48 hours
[25.06.18 17:28:19] INFO: Listening for GameServers on 127.0.0.1:9014
[25.06.18 17:28:19] INFO: Telnet server is currently disabled.
[25.06.18 17:28:19] INFO: L2LoginServer: is now listening on: *:2106
[25.06.18 17:28:19] INFO: Looking for UPnP Gateway Devices...
[25.06.18 17:28:29] INFO: No UPnP gateways found
