[26 jun 13:20:56] CREATE:Init, item 268481209:Squire's Sword(1), L2PcInstance:Test[268481208]
[26 jun 13:20:56] CREATE:Init, item 268481210:Dagger(1), L2PcInstance:Test[268481208]
[26 jun 13:20:56] CREATE:Init, item 268481211:Squire's Shirt(1), L2PcInstance:Test[268481208]
[26 jun 13:20:56] CREATE:Init, item 268481212:Squire's Pants(1), L2PcInstance:Test[268481208]
[26 jun 13:20:56] CREATE:Init, item 268481213:Tutorial Guide(1), L2PcInstance:Test[268481208]
[26 jun 13:20:56] CREATE:Init, item 268481214:Beginner's Adventurer Reinforcement Pack(1), L2PcInstance:Test[268481208]
[26 jun 13:20:56] CREATE:Init, item 268481215:Adventurer's Scroll of Escape(5), L2PcInstance:Test[268481208]
[26 jun 13:20:56] CREATE:Init, item 268481216:Kamael Village Teleportation Scroll(10), L2PcInstance:Test[268481208]
[26 jun 13:20:56] CREATE:Init, item 268481217:No Grade Shadow Armor Set Box (Heavy Armor)(1), L2PcInstance:Test[268481208]
[26 jun 13:20:56] CREATE:Init, item 268481218:D-Grade Shadow Armor Set Box (Heavy Armor)(1), L2PcInstance:Test[268481208]
[26 jun 13:20:56] CREATE:Init, item 268481219:C-Grade Shadow Armor Set Box (Heavy Armor)(1), L2PcInstance:Test[268481208]
[26 jun 13:20:56] CREATE:Init, item 268481220:B-Grade Shadow Armor Set Box (Heavy Armor)(1), L2PcInstance:Test[268481208]
[26 jun 13:20:56] CREATE:Init, item 268481221:Low A-Grade Shadow Armor Set Box (Heavy Armor)(1), L2PcInstance:Test[268481208]
[26 jun 13:20:56] CREATE:Init, item 268481222:No Grade Shadow Armor Set Box (Light Armor Use)(1), L2PcInstance:Test[268481208]
[26 jun 13:20:56] CREATE:Init, item 268481223:D-Grade Shadow Armor Set Box (Light Armor Use)(1), L2PcInstance:Test[268481208]
[26 jun 13:20:56] CREATE:Init, item 268481224:C-Grade Shadow Armor Set Box (Light Armor Use)(1), L2PcInstance:Test[268481208]
[26 jun 13:20:56] CREATE:Init, item 268481225:B-Grade Shadow Armor Set Box (Light Armor Use)(1), L2PcInstance:Test[268481208]
[26 jun 13:20:56] CREATE:Init, item 268481226:Low A-Grade Shadow Armor Set Box (Light Armor Use)(1), L2PcInstance:Test[268481208]
[26 jun 13:22:08] CREATE:Extract, item 268481340:Shadow Item: Hard Leather Shirt(1), L2PcInstance:Test[268481208], L2PcInstance:Test[268481208]
[26 jun 13:22:08] CREATE:Extract, item 268481341:Shadow Item: Hard Leather Gaiters(1), L2PcInstance:Test[268481208], L2PcInstance:Test[268481208]
[26 jun 13:22:08] CREATE:Extract, item 268481342:Shadow Item: Hard Leather Helmet(1), L2PcInstance:Test[268481208], L2PcInstance:Test[268481208]
[26 jun 13:22:08] CREATE:Extract, item 268481343:Shadow Item: Boots(1), L2PcInstance:Test[268481208], L2PcInstance:Test[268481208]
[26 jun 13:22:08] CREATE:Extract, item 268481344:Shadow Item: Bracer(1), L2PcInstance:Test[268481208], L2PcInstance:Test[268481208]
[26 jun 13:22:08] DELETE:Consume, item 268481222:No Grade Shadow Armor Set Box (Light Armor Use)(0), PrevCount(1), L2PcInstance:Test[268481208], L2PcInstance:Test[268481208]
[26 jun 13:22:15] DELETE:Extract, item 268481214:Beginner's Adventurer Reinforcement Pack(0), PrevCount(1), L2PcInstance:Test[268481208], L2PcInstance:Test[268481208]
[26 jun 13:22:15] CREATE:Extract, item 268481360:Rune of Experience Points 50% 7-Day Pack(1), L2PcInstance:Test[268481208], L2PcInstance:Test[268481208]
[26 jun 13:22:15] CREATE:Extract, item 268481361:Rune of SP 50% 7-Day Pack(1), L2PcInstance:Test[268481208], L2PcInstance:Test[268481208]
[26 jun 13:22:15] CREATE:Extract, item 268481362:Revita-Pop(150), L2PcInstance:Test[268481208], L2PcInstance:Test[268481208]
[26 jun 13:22:15] CREATE:Extract, item 268481363:Sweet Fruit Cocktail Pack(10), L2PcInstance:Test[268481208], L2PcInstance:Test[268481208]
[26 jun 13:22:15] CREATE:Extract, item 268481364:Fresh Fruit Cocktail Pack(10), L2PcInstance:Test[268481208], L2PcInstance:Test[268481208]
[26 jun 13:22:15] CREATE:Extract, item 268481365:Falchion - for Beginners(1), L2PcInstance:Test[268481208], L2PcInstance:Test[268481208]
[26 jun 13:22:15] CREATE:Extract, item 268481366:Mage Staff - for Beginners(1), L2PcInstance:Test[268481208], L2PcInstance:Test[268481208]
[26 jun 13:22:15] CREATE:Extract, item 268481367:Soulshot: No Grade(3000), L2PcInstance:Test[268481208], L2PcInstance:Test[268481208]
[26 jun 13:22:15] CREATE:Extract, item 268481368:Spiritshot: No Grade(3000), L2PcInstance:Test[268481208], L2PcInstance:Test[268481208]
[26 jun 13:22:15] CREATE:Extract, item 268481369:Blessed Spiritshot: No Grade(3000), L2PcInstance:Test[268481208], L2PcInstance:Test[268481208]
[26 jun 13:22:15] CREATE:Extract, item 268481370:Greater Healing Potion(300), L2PcInstance:Test[268481208], L2PcInstance:Test[268481208]
[26 jun 13:22:15] CREATE:Extract, item 268481371:Soulshot (D-Grade)(5000), L2PcInstance:Test[268481208], L2PcInstance:Test[268481208]
[26 jun 13:22:15] CREATE:Extract, item 268481372:Spiritshot (D-Grade)(5000), L2PcInstance:Test[268481208], L2PcInstance:Test[268481208]
[26 jun 13:22:15] CREATE:Extract, item 268481373:Blessed Spiritshot (D-Grade)(5000), L2PcInstance:Test[268481208], L2PcInstance:Test[268481208]
[26 jun 13:22:15] CREATE:Extract, item 268481374:Soulshot (C-Grade)(10000), L2PcInstance:Test[268481208], L2PcInstance:Test[268481208]
[26 jun 13:22:15] CREATE:Extract, item 268481375:Spiritshot (C-Grade)(10000), L2PcInstance:Test[268481208], L2PcInstance:Test[268481208]
[26 jun 13:22:15] CREATE:Extract, item 268481376:Blessed Spiritshot (C-Grade)(10000), L2PcInstance:Test[268481208], L2PcInstance:Test[268481208]
[26 jun 13:22:33] DELETE:Extract, item 268481360:Rune of Experience Points 50% 7-Day Pack(0), PrevCount(1), L2PcInstance:Test[268481208], L2PcInstance:Test[268481208]
[26 jun 13:22:33] CREATE:Extract, item 268481398:Rune of Experience Points 50% - 7-day limited period(1), L2PcInstance:Test[268481208], L2PcInstance:Test[268481208]
[26 jun 13:22:35] DELETE:Extract, item 268481361:Rune of SP 50% 7-Day Pack(0), PrevCount(1), L2PcInstance:Test[268481208], L2PcInstance:Test[268481208]
[26 jun 13:22:35] CREATE:Extract, item 268481404:Rune of SP 50% - 7-day limited period(1), L2PcInstance:Test[268481208], L2PcInstance:Test[268481208]
[26 jun 13:22:37] CHANGE:Extract, item 268481363:Sweet Fruit Cocktail Pack(9), PrevCount(10), L2PcInstance:Test[268481208], L2PcInstance:Test[268481208]
[26 jun 13:22:37] CREATE:Extract, item 268481405:Sweet Fruit Cocktail(1), L2PcInstance:Test[268481208], L2PcInstance:Test[268481208]
[26 jun 13:22:37] CHANGE:Extract, item 268481364:Fresh Fruit Cocktail Pack(9), PrevCount(10), L2PcInstance:Test[268481208], L2PcInstance:Test[268481208]
[26 jun 13:22:37] CREATE:Extract, item 268481406:Fresh Fruit Cocktail(1), L2PcInstance:Test[268481208], L2PcInstance:Test[268481208]
[26 jun 13:22:38] DELETE:Consume, item 268481405:Sweet Fruit Cocktail(0), PrevCount(1), L2PcInstance:Test[268481208], L2PcInstance:Test[268481208]
[26 jun 13:22:38] DELETE:Consume, item 268481406:Fresh Fruit Cocktail(0), PrevCount(1), L2PcInstance:Test[268481208], L2PcInstance:Test[268481208]
[26 jun 13:22:51] CREATE:Loot, item 268481422:Adena(93), L2PcInstance:Test[268481208], L2MonsterInstance:Gremlin(18342)[268455575]
[26 jun 13:22:56] CHANGE:Loot, item 268481422:Adena(173), PrevCount(93), L2PcInstance:Test[268481208], L2MonsterInstance:Gremlin(18342)[268455567]
[26 jun 13:23:32] CHANGE:Loot, item 268481422:Adena(251), PrevCount(173), L2PcInstance:Test[268481208], L2MonsterInstance:Gremlin(18342)[268481461]
[26 jun 13:23:42] CHANGE:Loot, item 268481422:Adena(333), PrevCount(251), L2PcInstance:Test[268481208], L2MonsterInstance:Gremlin(18342)[268455569]
[26 jun 13:23:46] CHANGE:Loot, item 268481422:Adena(401), PrevCount(333), L2PcInstance:Test[268481208], L2MonsterInstance:Gremlin(18342)[268455579]
[26 jun 13:23:52] CHANGE:Loot, item 268481422:Adena(487), PrevCount(401), L2PcInstance:Test[268481208], L2MonsterInstance:Gremlin(18342)[268455576]
[26 jun 13:23:56] CHANGE:Loot, item 268481422:Adena(564), PrevCount(487), L2PcInstance:Test[268481208], L2MonsterInstance:Gremlin(18342)[268455580]
[26 jun 13:26:31] CHANGE:Loot, item 268481422:Adena(933), PrevCount(564), L2PcInstance:Test[268481208], L2MonsterInstance:Maille Lizardman(20919)[268448396]
[26 jun 13:26:31] CREATE:Loot, item 268481644:Greater Herb of Life(1), L2PcInstance:Test[268481208], L2MonsterInstance:Maille Lizardman(20919)[268448396]
[26 jun 13:26:31] CREATE:Loot, item 268481645:Herb of Magic(1), L2PcInstance:Test[268481208], L2MonsterInstance:Maille Lizardman(20919)[268448396]
[26 jun 13:26:44] CHANGE:Loot, item 268481422:Adena(1589), PrevCount(933), L2PcInstance:Test[268481208], L2MonsterInstance:Maille Lizardman Guard(20921)[268448479]
[26 jun 13:26:44] CREATE:Loot, item 268481655:Herb of Magic(1), L2PcInstance:Test[268481208], L2MonsterInstance:Maille Lizardman Guard(20921)[268448479]
[26 jun 13:26:54] CHANGE:Loot, item 268481422:Adena(2521), PrevCount(1589), L2PcInstance:Test[268481208], L2MonsterInstance:Maille Lizardman Scout(20920)[268448428]
[26 jun 13:26:54] CREATE:Loot, item 268481657:Greater Herb of Mana(1), L2PcInstance:Test[268481208], L2MonsterInstance:Maille Lizardman Scout(20920)[268448428]
[26 jun 13:26:54] CREATE:Loot, item 268481658:Herb of Critical Attack - Probability(1), L2PcInstance:Test[268481208], L2MonsterInstance:Maille Lizardman Scout(20920)[268448428]
[26 jun 13:27:05] CHANGE:Loot, item 268481422:Adena(3109), PrevCount(2521), L2PcInstance:Test[268481208], L2MonsterInstance:Maille Lizardman Guard(20921)[268448485]
[26 jun 13:29:59] CREATE:Buy, item 268481677:Vesper Breastplate(1), L2PcInstance:Admin[268481206]
[26 jun 13:29:59] CREATE:Buy, item 268481678:Vesper Gaiters(1), L2PcInstance:Admin[268481206]
[26 jun 13:29:59] CREATE:Buy, item 268481679:Vesper Helmet(1), L2PcInstance:Admin[268481206]
[26 jun 13:29:59] CREATE:Buy, item 268481680:Vesper Gauntlet(1), L2PcInstance:Admin[268481206]
[26 jun 13:29:59] CREATE:Buy, item 268481681:Vesper Boots(1), L2PcInstance:Admin[268481206]
[26 jun 13:35:19] CHANGE:Consume, item 268481216:Kamael Village Teleportation Scroll(9), PrevCount(10), L2PcInstance:Test[268481208]
[26 jun 13:35:22] CHANGE:Consume, item 268481215:Adventurer's Scroll of Escape(4), PrevCount(5), L2PcInstance:Test[268481208]
[27 jun 7:39:54] CHANGE:Extract, item 268481363:Sweet Fruit Cocktail Pack(8), PrevCount(9), L2PcInstance:Test[268481208], L2PcInstance:Test[268481208]
[27 jun 7:39:54] CREATE:Extract, item 268481092:Sweet Fruit Cocktail(1), L2PcInstance:Test[268481208], L2PcInstance:Test[268481208]
[27 jun 7:39:54] CHANGE:Extract, item 268481364:Fresh Fruit Cocktail Pack(8), PrevCount(9), L2PcInstance:Test[268481208], L2PcInstance:Test[268481208]
[27 jun 7:39:54] CREATE:Extract, item 268481093:Fresh Fruit Cocktail(1), L2PcInstance:Test[268481208], L2PcInstance:Test[268481208]
[27 jun 7:39:55] DELETE:Consume, item 268481092:Sweet Fruit Cocktail(0), PrevCount(1), L2PcInstance:Test[268481208], L2PcInstance:Test[268481208]
[27 jun 7:39:55] DELETE:Consume, item 268481093:Fresh Fruit Cocktail(0), PrevCount(1), L2PcInstance:Test[268481208], L2PcInstance:Test[268481208]
[27 jun 7:41:08] CHANGE:Loot, item 268481422:Adena(4109), PrevCount(3109), L2PcInstance:Test[268481208], L2MonsterInstance:Hobgoblin(20147)[268453652]
[27 jun 7:41:08] CREATE:Loot, item 268481101:Herb of Critical Attack - Probability(1), L2PcInstance:Test[268481208], L2MonsterInstance:Hobgoblin(20147)[268453652]
[27 jun 7:41:54] CREATE:Loot, item 268481103:Silver Nugget(1), L2PcInstance:Test[268481208], L2MonsterInstance:Hobgoblin(20147)[268481102]
[27 jun 7:41:54] CREATE:Loot, item 268481104:Herb of Life(1), L2PcInstance:Test[268481208], L2MonsterInstance:Hobgoblin(20147)[268481102]
[27 jun 7:41:54] CREATE:Loot, item 268481105:Herb of Magic(1), L2PcInstance:Test[268481208], L2MonsterInstance:Hobgoblin(20147)[268481102]
[27 jun 7:41:56] DELETE:Consume, item 268481104:Herb of Life(0), PrevCount(1), L2PcInstance:Test[268481208]
[27 jun 7:49:18] CHANGE:Loot, item 268481422:Adena(5476), PrevCount(4109), L2PcInstance:Test[268481208], L2MonsterInstance:Hobgoblin(20147)[268453653]
[27 jun 7:49:47] CHANGE:Loot, item 268481422:Adena(7031), PrevCount(5476), L2PcInstance:Test[268481208], L2MonsterInstance:Ol Mahum Ranger(20224)[268453706]
[27 jun 7:49:47] CREATE:Loot, item 268481193:Greater Herb of Mana(1), L2PcInstance:Test[268481208], L2MonsterInstance:Ol Mahum Ranger(20224)[268453706]
[27 jun 7:50:05] CHANGE:Loot, item 268481422:Adena(7966), PrevCount(7031), L2PcInstance:Test[268481208], L2MonsterInstance:Hobgoblin(20147)[268481192]
[27 jun 7:50:05] CREATE:Loot, item 268481195:Deluxe Chest Key - Grade 2(1), L2PcInstance:Test[268481208], L2MonsterInstance:Hobgoblin(20147)[268481192]
