[25.06.18 14:16:35] WARN:Port 2106 is already binded. Please free it and restart server.
[25.06.18 14:16:36] WARN:Port 2106 is already binded. Please free it and restart server.
[25.06.18 14:16:37] WARN:Port 2106 is already binded. Please free it and restart server.
[25.06.18 14:16:38] WARN:Port 2106 is already binded. Please free it and restart server.
[25.06.18 14:16:39] WARN:Port 2106 is already binded. Please free it and restart server.
[25.06.18 14:16:40] WARN:Port 2106 is already binded. Please free it and restart server.
[25.06.18 14:16:41] WARN:Port 2106 is already binded. Please free it and restart server.
[25.06.18 14:16:42] WARN:Port 2106 is already binded. Please free it and restart server.
[25.06.18 14:16:43] WARN:Port 2106 is already binded. Please free it and restart server.
[25.06.18 14:16:44] WARN:Port 2106 is already binded. Please free it and restart server.
[25.06.18 14:16:45] WARN:Port 2106 is already binded. Please free it and restart server.
[25.06.18 14:20:11] WARN:GameServerTable: Could not parse servername.xml is not a file or it doesn't exist!
[25.06.18 17:28:19] WARN:GameServerTable: Could not parse servername.xml is not a file or it doesn't exist!
[25.06.18 17:53:05] WARN:GameServerTable: Could not parse servername.xml is not a file or it doesn't exist!
[25.06.18 17:53:05] ERROR:GameServerTable: Error loading registered game servers!
[25.06.18 17:53:15] WARN:GameServerTable: Could not parse servername.xml is not a file or it doesn't exist!
[25.06.18 17:53:15] ERROR:GameServerTable: Error loading registered game servers!
[25.06.18 17:59:11] WARN:GameServerTable: Could not parse servername.xml is not a file or it doesn't exist!
[25.06.18 17:59:11] ERROR:GameServerTable: Error loading registered game servers!
[25.06.18 18:03:08] ERROR:GameServerTable: Error loading registered game servers!
[26.06.18 09:51:32] ERROR:GameServerTable: Error loading registered game servers!
[26.06.18 09:53:27] ERROR:GameServerTable: Error while saving gameserver!
[26.06.18 10:05:07] WARN:Exception while retriving account info for 'admin'!
java.sql.SQLException: No suitable driver found for jdbc:mysql://localhost/l2jsunrise
	at java.sql.DriverManager.getConnection(DriverManager.java:689)
	at java.sql.DriverManager.getConnection(DriverManager.java:208)
	at org.apache.commons.dbcp.DriverManagerConnectionFactory.createConnection(DriverManagerConnectionFactory.java:78)
	at org.apache.commons.dbcp.PoolableConnectionFactory.makeObject(PoolableConnectionFactory.java:582)
	at org.apache.commons.pool.impl.GenericObjectPool.borrowObject(GenericObjectPool.java:1181)
	at org.apache.commons.dbcp.PoolingDataSource.getConnection(PoolingDataSource.java:106)
	at l2r.util.dbutils.BasicDataSource.getConnection(BasicDataSource.java:78)
	at l2r.L2DatabaseFactory.getConnection(L2DatabaseFactory.java:59)
	at l2r.loginserver.LoginController.retriveAccountInfo(LoginController.java:222)
	at l2r.loginserver.LoginController.retriveAccountInfo(LoginController.java:173)
	at l2r.loginserver.network.clientpackets.RequestAuthLogin.run(RequestAuthLogin.java:132)
	at java.util.concurrent.ThreadPoolExecutor.runWorker(ThreadPoolExecutor.java:1149)
	at java.util.concurrent.ThreadPoolExecutor$Worker.run(ThreadPoolExecutor.java:624)
	at java.lang.Thread.run(Thread.java:748)
